=== Detailed log started at 2025-03-04 15:18:30 ===
## Behaviour Generator: DirectedBehaviourGenerator{type=Semidirected, lambda=2, goal=2}



## Initial state:
(and (at truck1 pos1_1)
 (at pkg1 pos1_1)
 (at truck2 pos2_2)
 (at pkg2 pos2_1)
 (at pkg3 pos3_1)
 (at pkg4 pos1_2)
 (at pkg5 pos2_2)
 (at pkg6 pos3_2)
 (at plane1 apt1_2)
 (in-city apt1_1 city1)
 (in-city pos1_1 city1)
 (in-city pos2_1 city1)
 (in-city pos3_1 city1)
 (in-city apt1_2 city2)
 (in-city pos1_2 city2)
 (in-city pos2_2 city2)
 (in-city pos3_2 city2)
)
Making Optimal move
## Action Made:
Action load-truck
Instantiations:
?X0 - package : pkg1 
?X1 - truck : truck1 
?X2 - place : pos1_1 
Preconditions:
(and (at truck1 pos1_1)
  (at pkg1 pos1_1))
Effects:
(and (in pkg1 truck1)
  (not (at pkg1 pos1_1))

## New State:
(and (in pkg1 truck1)
 (at truck1 pos1_1)
 (at truck2 pos2_2)
 (at pkg2 pos2_1)
 (at pkg3 pos3_1)
 (at pkg4 pos1_2)
 (at pkg5 pos2_2)
 (at pkg6 pos3_2)
 (at plane1 apt1_2)
 (in-city apt1_1 city1)
 (in-city pos1_1 city1)
 (in-city pos2_1 city1)
 (in-city pos3_1 city1)
 (in-city apt1_2 city2)
 (in-city pos1_2 city2)
 (in-city pos2_2 city2)
 (in-city pos3_2 city2)
)



Making random move
Randomising actions
Chosen Action: 
Action unload-truck
Instantiations:
?X0 - package : pkg6 
?X1 - truck : truck1 
?X2 - place : pos3_2 
Preconditions:
(and (at truck1 pos3_2)
  (in pkg6 truck1))
Effects:
(and (at pkg6 pos3_2)
  (not (in pkg6 truck1))

Checking if action is applicable to state
Action is not applicable to state
Chosen Action: 
Action unload-truck
Instantiations:
?X0 - package : pkg1 
?X1 - truck : truck2 
?X2 - place : apt1_1 
Preconditions:
(and (at truck2 apt1_1)
  (in pkg1 truck2))
Effects:
(and (at pkg1 apt1_1)
  (not (in pkg1 truck2))

Checking if action is applicable to state
Action is not applicable to state
Chosen Action: 
Action load-truck
Instantiations:
?X0 - package : pkg1 
?X1 - truck : truck2 
?X2 - place : pos2_1 
Preconditions:
(and (at pkg1 pos2_1)
  (at truck2 pos2_1))
Effects:
(and (in pkg1 truck2)
  (not (at pkg1 pos2_1))

Checking if action is applicable to state
Action is not applicable to state
Chosen Action: 
Action load-truck
Instantiations:
?X0 - package : pkg6 
?X1 - truck : truck2 
?X2 - place : pos1_2 
Preconditions:
(and (at truck2 pos1_2)
  (at pkg6 pos1_2))
Effects:
(and (in pkg6 truck2)
  (not (at pkg6 pos1_2))

Checking if action is applicable to state
Action is not applicable to state
Chosen Action: 
Action load-truck
Instantiations:
?X0 - package : pkg1 
?X1 - truck : truck1 
?X2 - place : pos3_1 
Preconditions:
(and (at truck1 pos3_1)
  (at pkg1 pos3_1))
Effects:
(and (in pkg1 truck1)
  (not (at pkg1 pos3_1))

Checking if action is applicable to state
Action is not applicable to state
Chosen Action: 
Action unload-truck
Instantiations:
?X0 - package : pkg4 
?X1 - truck : truck1 
?X2 - place : pos3_1 
Preconditions:
(and (at truck1 pos3_1)
  (in pkg4 truck1))
Effects:
(and (at pkg4 pos3_1)
  (not (in pkg4 truck1))

Checking if action is applicable to state
Action is not applicable to state
Chosen Action: 
Action unload-truck
Instantiations:
?X0 - package : pkg3 
?X1 - truck : truck1 
?X2 - place : pos2_1 
Preconditions:
(and (at truck1 pos2_1)
  (in pkg3 truck1))
Effects:
(and (at pkg3 pos2_1)
  (not (in pkg3 truck1))

Checking if action is applicable to state
Action is not applicable to state
Chosen Action: 
Action unload-truck
Instantiations:
?X0 - package : pkg6 
?X1 - truck : truck2 
?X2 - place : apt1_1 
Preconditions:
(and (at truck2 apt1_1)
  (in pkg6 truck2))
Effects:
(and (at pkg6 apt1_1)
  (not (in pkg6 truck2))

Checking if action is applicable to state
Action is not applicable to state
Chosen Action: 
Action drive-truck
Instantiations:
?X0 - truck : truck1 
?X1 - place : pos3_1 
?X2 - place : pos2_1 
?X3 - city : city1 
Preconditions:
(and (at truck1 pos3_1))
Effects:
(and (at truck1 pos2_1)
  (not (at truck1 pos3_1))

Checking if action is applicable to state
Action is not applicable to state
Chosen Action: 
Action unload-airplane
Instantiations:
?X0 - package : pkg2 
?X1 - airplane : plane1 
?X2 - place : apt1_2 
Preconditions:
(and (at plane1 apt1_2)
  (in pkg2 plane1))
Effects:
(and (at pkg2 apt1_2)
  (not (in pkg2 plane1))

Checking if action is applicable to state
Action is not applicable to state
Chosen Action: 
Action drive-truck
Instantiations:
?X0 - truck : truck1 
?X1 - place : pos2_2 
?X2 - place : apt1_2 
?X3 - city : city2 
Preconditions:
(and (at truck1 pos2_2))
Effects:
(and (at truck1 apt1_2)
  (not (at truck1 pos2_2))

Checking if action is applicable to state
Action is not applicable to state
Chosen Action: 
Action load-truck
Instantiations:
?X0 - package : pkg3 
?X1 - truck : truck1 
?X2 - place : pos3_2 
Preconditions:
(and (at truck1 pos3_2)
  (at pkg3 pos3_2))
Effects:
(and (in pkg3 truck1)
  (not (at pkg3 pos3_2))

Checking if action is applicable to state
Action is not applicable to state
Chosen Action: 
Action drive-truck
Instantiations:
?X0 - truck : truck1 
?X1 - place : pos2_1 
?X2 - place : pos2_1 
?X3 - city : city1 
Preconditions:
(and (at truck1 pos2_1))
Effects:
(and (at truck1 pos2_1)
  (not (at truck1 pos2_1))

Checking if action is applicable to state
Action is not applicable to state
Chosen Action: 
Action drive-truck
Instantiations:
?X0 - truck : truck2 
?X1 - place : pos3_2 
?X2 - place : pos3_2 
?X3 - city : city2 
Preconditions:
(and (at truck2 pos3_2))
Effects:
(and (at truck2 pos3_2)
  (not (at truck2 pos3_2))

Checking if action is applicable to state
Action is not applicable to state
Chosen Action: 
Action load-truck
Instantiations:
?X0 - package : pkg5 
?X1 - truck : truck1 
?X2 - place : apt1_1 
Preconditions:
(and (at truck1 apt1_1)
  (at pkg5 apt1_1))
Effects:
(and (in pkg5 truck1)
  (not (at pkg5 apt1_1))

Checking if action is applicable to state
Action is not applicable to state
Chosen Action: 
Action unload-truck
Instantiations:
?X0 - package : pkg6 
?X1 - truck : truck1 
?X2 - place : pos1_1 
Preconditions:
(and (at truck1 pos1_1)
  (in pkg6 truck1))
Effects:
(and (at pkg6 pos1_1)
  (not (in pkg6 truck1))

Checking if action is applicable to state
Action is not applicable to state
Chosen Action: 
Action drive-truck
Instantiations:
?X0 - truck : truck1 
?X1 - place : pos1_2 
?X2 - place : pos1_2 
?X3 - city : city2 
Preconditions:
(and (at truck1 pos1_2))
Effects:
(and (at truck1 pos1_2)
  (not (at truck1 pos1_2))

Checking if action is applicable to state
Action is not applicable to state
Chosen Action: 
Action unload-truck
Instantiations:
?X0 - package : pkg1 
?X1 - truck : truck1 
?X2 - place : pos1_1 
Preconditions:
(and (in pkg1 truck1)
  (at truck1 pos1_1))
Effects:
(and (at pkg1 pos1_1)
  (not (in pkg1 truck1))

Checking if action is applicable to state
Action is applicable to state
## Action Made:
Action unload-truck
Instantiations:
?X0 - package : pkg1 
?X1 - truck : truck1 
?X2 - place : pos1_1 
Preconditions:
(and (in pkg1 truck1)
  (at truck1 pos1_1))
Effects:
(and (at pkg1 pos1_1)
  (not (in pkg1 truck1))

## New State:
(and (at truck1 pos1_1)
 (at pkg1 pos1_1)
 (at truck2 pos2_2)
 (at pkg2 pos2_1)
 (at pkg3 pos3_1)
 (at pkg4 pos1_2)
 (at pkg5 pos2_2)
 (at pkg6 pos3_2)
 (at plane1 apt1_2)
 (in-city apt1_1 city1)
 (in-city pos1_1 city1)
 (in-city pos2_1 city1)
 (in-city pos3_1 city1)
 (in-city apt1_2 city2)
 (in-city pos1_2 city2)
 (in-city pos2_2 city2)
 (in-city pos3_2 city2)
)



Making Optimal move
## Action Made:
Action load-truck
Instantiations:
?X0 - package : pkg1 
?X1 - truck : truck1 
?X2 - place : pos1_1 
Preconditions:
(and (at truck1 pos1_1)
  (at pkg1 pos1_1))
Effects:
(and (in pkg1 truck1)
  (not (at pkg1 pos1_1))

## New State:
(and (in pkg1 truck1)
 (at truck1 pos1_1)
 (at truck2 pos2_2)
 (at pkg2 pos2_1)
 (at pkg3 pos3_1)
 (at pkg4 pos1_2)
 (at pkg5 pos2_2)
 (at pkg6 pos3_2)
 (at plane1 apt1_2)
 (in-city apt1_1 city1)
 (in-city pos1_1 city1)
 (in-city pos2_1 city1)
 (in-city pos3_1 city1)
 (in-city apt1_2 city2)
 (in-city pos1_2 city2)
 (in-city pos2_2 city2)
 (in-city pos3_2 city2)
)



Making random move
Randomising actions
Chosen Action: 
Action unload-truck
Instantiations:
?X0 - package : pkg2 
?X1 - truck : truck1 
?X2 - place : pos3_1 
Preconditions:
(and (at truck1 pos3_1)
  (in pkg2 truck1))
Effects:
(and (at pkg2 pos3_1)
  (not (in pkg2 truck1))

Checking if action is applicable to state
Action is not applicable to state
Chosen Action: 
Action unload-truck
Instantiations:
?X0 - package : pkg3 
?X1 - truck : truck2 
?X2 - place : pos2_1 
Preconditions:
(and (at truck2 pos2_1)
  (in pkg3 truck2))
Effects:
(and (at pkg3 pos2_1)
  (not (in pkg3 truck2))

Checking if action is applicable to state
Action is not applicable to state
Chosen Action: 
Action drive-truck
Instantiations:
?X0 - truck : truck2 
?X1 - place : pos2_2 
?X2 - place : apt1_2 
?X3 - city : city2 
Preconditions:
(and (at truck2 pos2_2))
Effects:
(and (at truck2 apt1_2)
  (not (at truck2 pos2_2))

Checking if action is applicable to state
Action is applicable to state
## Action Made:
Action drive-truck
Instantiations:
?X0 - truck : truck2 
?X1 - place : pos2_2 
?X2 - place : apt1_2 
?X3 - city : city2 
Preconditions:
(and (at truck2 pos2_2))
Effects:
(and (at truck2 apt1_2)
  (not (at truck2 pos2_2))

## New State:
(and (in pkg1 truck1)
 (at truck1 pos1_1)
 (at truck2 apt1_2)
 (at pkg2 pos2_1)
 (at pkg3 pos3_1)
 (at pkg4 pos1_2)
 (at pkg5 pos2_2)
 (at pkg6 pos3_2)
 (at plane1 apt1_2)
 (in-city apt1_1 city1)
 (in-city pos1_1 city1)
 (in-city pos2_1 city1)
 (in-city pos3_1 city1)
 (in-city apt1_2 city2)
 (in-city pos1_2 city2)
 (in-city pos2_2 city2)
 (in-city pos3_2 city2)
)



Making Optimal move
## Action Made:
Action drive-truck
Instantiations:
?X0 - truck : truck1 
?X1 - place : pos1_1 
?X2 - place : pos3_1 
?X3 - city : city1 
Preconditions:
(and (at truck1 pos1_1))
Effects:
(and (at truck1 pos3_1)
  (not (at truck1 pos1_1))

## New State:
(and (in pkg1 truck1)
 (at truck1 pos3_1)
 (at truck2 apt1_2)
 (at pkg2 pos2_1)
 (at pkg3 pos3_1)
 (at pkg4 pos1_2)
 (at pkg5 pos2_2)
 (at pkg6 pos3_2)
 (at plane1 apt1_2)
 (in-city apt1_1 city1)
 (in-city pos1_1 city1)
 (in-city pos2_1 city1)
 (in-city pos3_1 city1)
 (in-city apt1_2 city2)
 (in-city pos1_2 city2)
 (in-city pos2_2 city2)
 (in-city pos3_2 city2)
)



Making random move
Randomising actions
Chosen Action: 
Action load-truck
Instantiations:
?X0 - package : pkg2 
?X1 - truck : truck2 
?X2 - place : pos3_1 
Preconditions:
(and (at truck2 pos3_1)
  (at pkg2 pos3_1))
Effects:
(and (in pkg2 truck2)
  (not (at pkg2 pos3_1))

Checking if action is applicable to state
Action is not applicable to state
Chosen Action: 
Action drive-truck
Instantiations:
?X0 - truck : truck1 
?X1 - place : pos1_1 
?X2 - place : pos2_1 
?X3 - city : city1 
Preconditions:
(and (at truck1 pos1_1))
Effects:
(and (at truck1 pos2_1)
  (not (at truck1 pos1_1))

Checking if action is applicable to state
Action is not applicable to state
Chosen Action: 
Action drive-truck
Instantiations:
?X0 - truck : truck1 
?X1 - place : apt1_2 
?X2 - place : apt1_2 
?X3 - city : city2 
Preconditions:
(and (at truck1 apt1_2))
Effects:
(and (at truck1 apt1_2)
  (not (at truck1 apt1_2))

Checking if action is applicable to state
Action is not applicable to state
Chosen Action: 
Action unload-truck
Instantiations:
?X0 - package : pkg5 
?X1 - truck : truck2 
?X2 - place : pos3_1 
Preconditions:
(and (at truck2 pos3_1)
  (in pkg5 truck2))
Effects:
(and (at pkg5 pos3_1)
  (not (in pkg5 truck2))

Checking if action is applicable to state
Action is not applicable to state
Chosen Action: 
Action drive-truck
Instantiations:
?X0 - truck : truck1 
?X1 - place : apt1_1 
?X2 - place : apt1_1 
?X3 - city : city1 
Preconditions:
(and (at truck1 apt1_1))
Effects:
(and (at truck1 apt1_1)
  (not (at truck1 apt1_1))

Checking if action is applicable to state
Action is not applicable to state
Chosen Action: 
Action unload-truck
Instantiations:
?X0 - package : pkg6 
?X1 - truck : truck1 
?X2 - place : pos3_1 
Preconditions:
(and (at truck1 pos3_1)
  (in pkg6 truck1))
Effects:
(and (at pkg6 pos3_1)
  (not (in pkg6 truck1))

Checking if action is applicable to state
Action is not applicable to state
Chosen Action: 
Action drive-truck
Instantiations:
?X0 - truck : truck2 
?X1 - place : apt1_1 
?X2 - place : pos2_1 
?X3 - city : city1 
Preconditions:
(and (at truck2 apt1_1))
Effects:
(and (at truck2 pos2_1)
  (not (at truck2 apt1_1))

Checking if action is applicable to state
Action is not applicable to state
Chosen Action: 
Action unload-truck
Instantiations:
?X0 - package : pkg6 
?X1 - truck : truck1 
?X2 - place : pos1_1 
Preconditions:
(and (at truck1 pos1_1)
  (in pkg6 truck1))
Effects:
(and (at pkg6 pos1_1)
  (not (in pkg6 truck1))

Checking if action is applicable to state
Action is not applicable to state
Chosen Action: 
Action unload-truck
Instantiations:
?X0 - package : pkg4 
?X1 - truck : truck2 
?X2 - place : apt1_2 
Preconditions:
(and (at truck2 apt1_2)
  (in pkg4 truck2))
Effects:
(and (at pkg4 apt1_2)
  (not (in pkg4 truck2))

Checking if action is applicable to state
Action is not applicable to state
Chosen Action: 
Action load-truck
Instantiations:
?X0 - package : pkg6 
?X1 - truck : truck2 
?X2 - place : pos1_2 
Preconditions:
(and (at truck2 pos1_2)
  (at pkg6 pos1_2))
Effects:
(and (in pkg6 truck2)
  (not (at pkg6 pos1_2))

Checking if action is applicable to state
Action is not applicable to state
Chosen Action: 
Action load-truck
Instantiations:
?X0 - package : pkg3 
?X1 - truck : truck1 
?X2 - place : apt1_2 
Preconditions:
(and (at truck1 apt1_2)
  (at pkg3 apt1_2))
Effects:
(and (in pkg3 truck1)
  (not (at pkg3 apt1_2))

Checking if action is applicable to state
Action is not applicable to state
Chosen Action: 
Action drive-truck
Instantiations:
?X0 - truck : truck2 
?X1 - place : apt1_2 
?X2 - place : pos2_2 
?X3 - city : city2 
Preconditions:
(and (at truck2 apt1_2))
Effects:
(and (at truck2 pos2_2)
  (not (at truck2 apt1_2))

Checking if action is applicable to state
Action is applicable to state
## Action Made:
Action drive-truck
Instantiations:
?X0 - truck : truck2 
?X1 - place : apt1_2 
?X2 - place : pos2_2 
?X3 - city : city2 
Preconditions:
(and (at truck2 apt1_2))
Effects:
(and (at truck2 pos2_2)
  (not (at truck2 apt1_2))

## New State:
(and (in pkg1 truck1)
 (at truck1 pos3_1)
 (at truck2 pos2_2)
 (at pkg2 pos2_1)
 (at pkg3 pos3_1)
 (at pkg4 pos1_2)
 (at pkg5 pos2_2)
 (at pkg6 pos3_2)
 (at plane1 apt1_2)
 (in-city apt1_1 city1)
 (in-city pos1_1 city1)
 (in-city pos2_1 city1)
 (in-city pos3_1 city1)
 (in-city apt1_2 city2)
 (in-city pos1_2 city2)
 (in-city pos2_2 city2)
 (in-city pos3_2 city2)
)



Making Optimal move
## Action Made:
Action unload-truck
Instantiations:
?X0 - package : pkg1 
?X1 - truck : truck1 
?X2 - place : pos3_1 
Preconditions:
(and (in pkg1 truck1)
  (at truck1 pos3_1))
Effects:
(and (at pkg1 pos3_1)
  (not (in pkg1 truck1))

## New State:
(and (at truck1 pos3_1)
 (at pkg1 pos3_1)
 (at truck2 pos2_2)
 (at pkg2 pos2_1)
 (at pkg3 pos3_1)
 (at pkg4 pos1_2)
 (at pkg5 pos2_2)
 (at pkg6 pos3_2)
 (at plane1 apt1_2)
 (in-city apt1_1 city1)
 (in-city pos1_1 city1)
 (in-city pos2_1 city1)
 (in-city pos3_1 city1)
 (in-city apt1_2 city2)
 (in-city pos1_2 city2)
 (in-city pos2_2 city2)
 (in-city pos3_2 city2)
)



Making random move
Randomising actions
Chosen Action: 
Action unload-airplane
Instantiations:
?X0 - package : pkg5 
?X1 - airplane : plane1 
?X2 - place : apt1_1 
Preconditions:
(and (at plane1 apt1_1)
  (in pkg5 plane1))
Effects:
(and (at pkg5 apt1_1)
  (not (in pkg5 plane1))

Checking if action is applicable to state
Action is not applicable to state
Chosen Action: 
Action load-truck
Instantiations:
?X0 - package : pkg3 
?X1 - truck : truck2 
?X2 - place : apt1_2 
Preconditions:
(and (at truck2 apt1_2)
  (at pkg3 apt1_2))
Effects:
(and (in pkg3 truck2)
  (not (at pkg3 apt1_2))

Checking if action is applicable to state
Action is not applicable to state
Chosen Action: 
Action drive-truck
Instantiations:
?X0 - truck : truck2 
?X1 - place : pos3_2 
?X2 - place : apt1_2 
?X3 - city : city2 
Preconditions:
(and (at truck2 pos3_2))
Effects:
(and (at truck2 apt1_2)
  (not (at truck2 pos3_2))

Checking if action is applicable to state
Action is not applicable to state
Chosen Action: 
Action unload-truck
Instantiations:
?X0 - package : pkg6 
?X1 - truck : truck2 
?X2 - place : pos2_2 
Preconditions:
(and (at truck2 pos2_2)
  (in pkg6 truck2))
Effects:
(and (at pkg6 pos2_2)
  (not (in pkg6 truck2))

Checking if action is applicable to state
Action is not applicable to state
Chosen Action: 
Action load-truck
Instantiations:
?X0 - package : pkg2 
?X1 - truck : truck1 
?X2 - place : apt1_2 
Preconditions:
(and (at truck1 apt1_2)
  (at pkg2 apt1_2))
Effects:
(and (in pkg2 truck1)
  (not (at pkg2 apt1_2))

Checking if action is applicable to state
Action is not applicable to state
Chosen Action: 
Action load-truck
Instantiations:
?X0 - package : pkg5 
?X1 - truck : truck1 
?X2 - place : apt1_1 
Preconditions:
(and (at truck1 apt1_1)
  (at pkg5 apt1_1))
Effects:
(and (in pkg5 truck1)
  (not (at pkg5 apt1_1))

Checking if action is applicable to state
Action is not applicable to state
Chosen Action: 
Action unload-truck
Instantiations:
?X0 - package : pkg6 
?X1 - truck : truck1 
?X2 - place : pos3_1 
Preconditions:
(and (at truck1 pos3_1)
  (in pkg6 truck1))
Effects:
(and (at pkg6 pos3_1)
  (not (in pkg6 truck1))

Checking if action is applicable to state
Action is not applicable to state
Chosen Action: 
Action load-truck
Instantiations:
?X0 - package : pkg5 
?X1 - truck : truck1 
?X2 - place : pos1_1 
Preconditions:
(and (at truck1 pos1_1)
  (at pkg5 pos1_1))
Effects:
(and (in pkg5 truck1)
  (not (at pkg5 pos1_1))

Checking if action is applicable to state
Action is not applicable to state
Chosen Action: 
Action load-truck
Instantiations:
?X0 - package : pkg4 
?X1 - truck : truck1 
?X2 - place : pos2_1 
Preconditions:
(and (at truck1 pos2_1)
  (at pkg4 pos2_1))
Effects:
(and (in pkg4 truck1)
  (not (at pkg4 pos2_1))

Checking if action is applicable to state
Action is not applicable to state
Chosen Action: 
Action drive-truck
Instantiations:
?X0 - truck : truck1 
?X1 - place : pos3_1 
?X2 - place : pos2_1 
?X3 - city : city1 
Preconditions:
(and (at truck1 pos3_1))
Effects:
(and (at truck1 pos2_1)
  (not (at truck1 pos3_1))

Checking if action is applicable to state
Action is applicable to state
## Action Made:
Action drive-truck
Instantiations:
?X0 - truck : truck1 
?X1 - place : pos3_1 
?X2 - place : pos2_1 
?X3 - city : city1 
Preconditions:
(and (at truck1 pos3_1))
Effects:
(and (at truck1 pos2_1)
  (not (at truck1 pos3_1))

## New State:
(and (at truck1 pos2_1)
 (at pkg1 pos3_1)
 (at truck2 pos2_2)
 (at pkg2 pos2_1)
 (at pkg3 pos3_1)
 (at pkg4 pos1_2)
 (at pkg5 pos2_2)
 (at pkg6 pos3_2)
 (at plane1 apt1_2)
 (in-city apt1_1 city1)
 (in-city pos1_1 city1)
 (in-city pos2_1 city1)
 (in-city pos3_1 city1)
 (in-city apt1_2 city2)
 (in-city pos1_2 city2)
 (in-city pos2_2 city2)
 (in-city pos3_2 city2)
)



Making Optimal move
Execution terminated: No more valid actions
Final state:
(and (at truck1 pos2_1)
 (at pkg1 pos3_1)
 (at truck2 pos2_2)
 (at pkg2 pos2_1)
 (at pkg3 pos3_1)
 (at pkg4 pos1_2)
 (at pkg5 pos2_2)
 (at pkg6 pos3_2)
 (at plane1 apt1_2)
 (in-city apt1_1 city1)
 (in-city pos1_1 city1)
 (in-city pos2_1 city1)
 (in-city pos3_1 city1)
 (in-city apt1_2 city2)
 (in-city pos1_2 city2)
 (in-city pos2_2 city2)
 (in-city pos3_2 city2)
)
=== Detailed log closed at 2025-03-04 15:18:30 ===
